0 info it worked if it ends with ok
1 verbose cli [ '/usr/local/bin/node', '/usr/local/bin/npm', 'start' ]
2 info using npm@2.15.9
3 info using node@v4.6.0
4 verbose run-script [ 'prestart', 'start', 'poststart' ]
5 info prestart node-web@1.0.0
6 verbose unsafe-perm in lifecycle true
7 info start node-web@1.0.0
8 verbose unsafe-perm in lifecycle true
9 info node-web@1.0.0 Failed to exec start script
10 verbose stack Error: node-web@1.0.0 start: `gulp serve`
10 verbose stack Exit status 1
10 verbose stack     at EventEmitter.<anonymous> (/usr/local/lib/node_modules/npm/lib/utils/lifecycle.js:217:16)
10 verbose stack     at emitTwo (events.js:87:13)
10 verbose stack     at EventEmitter.emit (events.js:172:7)
10 verbose stack     at ChildProcess.<anonymous> (/usr/local/lib/node_modules/npm/lib/utils/spawn.js:24:14)
10 verbose stack     at emitTwo (events.js:87:13)
10 verbose stack     at ChildProcess.emit (events.js:172:7)
10 verbose stack     at maybeClose (internal/child_process.js:829:16)
10 verbose stack     at Process.ChildProcess._handle.onexit (internal/child_process.js:211:5)
11 verbose pkgid node-web@1.0.0
12 verbose cwd /Users/sohailahmed/Runnable/RunnableDemo/node-web
13 error Darwin 16.0.0
14 error argv "/usr/local/bin/node" "/usr/local/bin/npm" "start"
15 error node v4.6.0
16 error npm  v2.15.9
17 error code ELIFECYCLE
18 error node-web@1.0.0 start: `gulp serve`
18 error Exit status 1
19 error Failed at the node-web@1.0.0 start script 'gulp serve'.
19 error This is most likely a problem with the node-web package,
19 error not with npm itself.
19 error Tell the author that this fails on your system:
19 error     gulp serve
19 error You can get information on how to open an issue for this project with:
19 error     npm bugs node-web
19 error Or if that isn't available, you can get their info via:
19 error
19 error     npm owner ls node-web
19 error There is likely additional logging output above.
20 verbose exit [ 1, true ]
